0 info it worked if it ends with ok
1 verbose cli [ 'C:\\Program Files (x86)\\nodejs\\node.exe',
1 verbose cli   'C:\\Users\\Alexander\\AppData\\Roaming\\npm\\node_modules\\npm\\bin\\npm-cli.js',
1 verbose cli   'publish' ]
2 info using npm@3.10.7
3 info using node@v4.6.0
4 verbose publish [ '.' ]
5 silly cache add args [ '.', null ]
6 verbose cache add spec .
7 silly cache add parsed spec Result {
7 silly cache add   raw: '.',
7 silly cache add   scope: null,
7 silly cache add   escapedName: null,
7 silly cache add   name: null,
7 silly cache add   rawSpec: '.',
7 silly cache add   spec: 'C:\\Users\\Alexander\\Source\\Repos\\alex-cooke\\npm-test',
7 silly cache add   type: 'directory' }
8 verbose addLocalDirectory C:\Users\Alexander\AppData\Roaming\npm-cache\npm-test\0.0.1\package.tgz not in flight; packing
9 verbose correctMkdir C:\Users\Alexander\AppData\Roaming\npm-cache correctMkdir not in flight; initializing
10 info lifecycle npm-test@0.0.1~prepublish: npm-test@0.0.1
11 silly lifecycle npm-test@0.0.1~prepublish: no script for prepublish, continuing
12 verbose tar pack [ 'C:\\Users\\Alexander\\AppData\\Roaming\\npm-cache\\npm-test\\0.0.1\\package.tgz',
12 verbose tar pack   'C:\\Users\\Alexander\\Source\\Repos\\alex-cooke\\npm-test' ]
13 verbose tarball C:\Users\Alexander\AppData\Roaming\npm-cache\npm-test\0.0.1\package.tgz
14 verbose folder C:\Users\Alexander\Source\Repos\alex-cooke\npm-test
15 verbose addLocalTarball adding from inside cache C:\Users\Alexander\AppData\Roaming\npm-cache\npm-test\0.0.1\package.tgz
16 verbose correctMkdir C:\Users\Alexander\AppData\Roaming\npm-cache correctMkdir not in flight; initializing
17 silly cache afterAdd npm-test@0.0.1
18 verbose afterAdd C:\Users\Alexander\AppData\Roaming\npm-cache\npm-test\0.0.1\package\package.json not in flight; writing
19 verbose correctMkdir C:\Users\Alexander\AppData\Roaming\npm-cache correctMkdir not in flight; initializing
20 verbose afterAdd C:\Users\Alexander\AppData\Roaming\npm-cache\npm-test\0.0.1\package\package.json written
21 silly publish { name: 'npm-test',
21 silly publish   version: '0.0.1',
21 silly publish   description: 'alex-cooke-npm-test',
21 silly publish   main: 'index.js',
21 silly publish   scripts: { test: 'echo "Error: no test specified" && exit 1' },
21 silly publish   repository:
21 silly publish    { type: 'git',
21 silly publish      url: 'git+https://github.com/alex-cooke/npm-test.git' },
21 silly publish   author: '',
21 silly publish   license: 'ISC',
21 silly publish   bugs: { url: 'https://github.com/alex-cooke/npm-test/issues' },
21 silly publish   homepage: 'https://github.com/alex-cooke/npm-test#readme',
21 silly publish   readme: '# npm-test\r\nnpm-test\r\n',
21 silly publish   readmeFilename: 'README.md',
21 silly publish   gitHead: '82858d024b5fd1bcc155f853544220090fd4f2cd',
21 silly publish   _id: 'npm-test@0.0.1',
21 silly publish   _shasum: '85c98c93998514a7550ecebdbcb6a43b2307cf6d',
21 silly publish   _from: '.' }
22 verbose getPublishConfig undefined
23 silly mapToRegistry name npm-test
24 silly mapToRegistry using default registry
25 silly mapToRegistry registry https://registry.npmjs.org/
26 silly mapToRegistry data Result {
26 silly mapToRegistry   raw: 'npm-test',
26 silly mapToRegistry   scope: null,
26 silly mapToRegistry   escapedName: 'npm-test',
26 silly mapToRegistry   name: 'npm-test',
26 silly mapToRegistry   rawSpec: '',
26 silly mapToRegistry   spec: 'latest',
26 silly mapToRegistry   type: 'tag' }
27 silly mapToRegistry uri https://registry.npmjs.org/npm-test
28 verbose publish registryBase https://registry.npmjs.org/
29 silly publish uploading C:\Users\Alexander\AppData\Roaming\npm-cache\npm-test\0.0.1\package.tgz
30 verbose request uri https://registry.npmjs.org/npm-test
31 verbose request sending authorization for write operation
32 info attempt registry request try #1 at 10:48:14 PM
33 verbose request using bearer token for auth
34 verbose request id 56e2b69b323fc36a
35 http request PUT https://registry.npmjs.org/npm-test
36 http 403 https://registry.npmjs.org/npm-test
37 verbose headers { 'content-type': 'application/json',
37 verbose headers   'cache-control': 'max-age=300',
37 verbose headers   'content-length': '102',
37 verbose headers   'accept-ranges': 'bytes',
37 verbose headers   date: 'Fri, 09 Dec 2016 12:50:57 GMT',
37 verbose headers   via: '1.1 varnish',
37 verbose headers   connection: 'keep-alive',
37 verbose headers   'x-served-by': 'cache-bne7720-BNE',
37 verbose headers   'x-cache': 'MISS',
37 verbose headers   'x-cache-hits': '0',
37 verbose headers   'x-timer': 'S1481287856.676066,VS0,VE736',
37 verbose headers   vary: 'Accept-Encoding' }
38 verbose request invalidating C:\Users\Alexander\AppData\Roaming\npm-cache\registry.npmjs.org\npm-test on PUT
39 error publish Failed PUT 403
40 verbose stack Error: you do not have permission to publish "npm-test". Are you logged in as the correct user? : npm-test
40 verbose stack     at makeError (C:\Users\Alexander\AppData\Roaming\npm\node_modules\npm\node_modules\npm-registry-client\lib\request.js:264:12)
40 verbose stack     at CachingRegistryClient.<anonymous> (C:\Users\Alexander\AppData\Roaming\npm\node_modules\npm\node_modules\npm-registry-client\lib\request.js:252:14)
40 verbose stack     at Request._callback (C:\Users\Alexander\AppData\Roaming\npm\node_modules\npm\node_modules\npm-registry-client\lib\request.js:172:14)
40 verbose stack     at Request.self.callback (C:\Users\Alexander\AppData\Roaming\npm\node_modules\npm\node_modules\request\request.js:187:22)
40 verbose stack     at emitTwo (events.js:87:13)
40 verbose stack     at Request.emit (events.js:172:7)
40 verbose stack     at Request.<anonymous> (C:\Users\Alexander\AppData\Roaming\npm\node_modules\npm\node_modules\request\request.js:1044:10)
40 verbose stack     at emitOne (events.js:77:13)
40 verbose stack     at Request.emit (events.js:169:7)
40 verbose stack     at IncomingMessage.<anonymous> (C:\Users\Alexander\AppData\Roaming\npm\node_modules\npm\node_modules\request\request.js:965:12)
41 verbose statusCode 403
42 verbose pkgid npm-test
43 verbose cwd C:\Users\Alexander\Source\Repos\alex-cooke\npm-test
44 error Windows_NT 10.0.14393
45 error argv "C:\\Program Files (x86)\\nodejs\\node.exe" "C:\\Users\\Alexander\\AppData\\Roaming\\npm\\node_modules\\npm\\bin\\npm-cli.js" "publish"
46 error node v4.6.0
47 error npm  v3.10.7
48 error code E403
49 error you do not have permission to publish "npm-test". Are you logged in as the correct user? : npm-test
50 error If you need help, you may report this error at:
50 error     <https://github.com/npm/npm/issues>
51 verbose exit [ 1, true ]
